0 verbose cli /usr/local/bin/node /usr/local/bin/npm
1 info using npm@9.6.7
2 info using node@v18.17.0
3 timing npm:load:whichnode Completed in 3ms
4 timing config:load:defaults Completed in 5ms
5 timing config:load:file:/usr/local/lib/node_modules/npm/npmrc Completed in 1ms
6 timing config:load:builtin Completed in 2ms
7 warn config production Use `--omit=dev` instead.
8 timing config:load:cli Completed in 6ms
9 timing config:load:env Completed in 1ms
10 timing config:load:project Completed in 3ms
11 timing config:load:file:/home/container/.npmrc Completed in 0ms
12 timing config:load:user Completed in 0ms
13 timing config:load:file:/usr/local/etc/npmrc Completed in 0ms
14 timing config:load:global Completed in 1ms
15 timing config:load:setEnvs Completed in 2ms
16 timing config:load Completed in 23ms
17 timing npm:load:configload Completed in 23ms
18 timing npm:load:mkdirpcache Completed in 1ms
19 timing npm:load:mkdirplogs Completed in 6ms
20 verbose title npm install
21 verbose argv "install" "--save" "--production"
22 timing npm:load:setTitle Completed in 3ms
23 timing config:load:flatten Completed in 8ms
24 timing npm:load:display Completed in 12ms
25 verbose logfile logs-max:10 dir:/home/container/.npm/_logs/2025-12-03T14_35_06_429Z-
26 verbose logfile /home/container/.npm/_logs/2025-12-03T14_35_06_429Z-debug-0.log
27 timing npm:load:logFile Completed in 26ms
28 timing npm:load:timers Completed in 0ms
29 timing npm:load:configScope Completed in 0ms
30 timing npm:load Completed in 75ms
31 timing arborist:ctor Completed in 2ms
32 silly logfile done cleaning log files
33 timing arborist:ctor Completed in 0ms
34 timing idealTree:init Completed in 33ms
35 timing idealTree:userRequests Completed in 1ms
36 silly idealTree buildDeps
37 silly fetch manifest express@^4.19.2
38 http fetch GET 200 https://registry.npmjs.org/express 331ms (cache miss)
39 silly placeDep ROOT express@4.22.1 OK for: cocos-web-server@1.0.0 want: ^4.19.2
40 silly fetch manifest accepts@~1.3.8
41 silly fetch manifest array-flatten@1.1.1
42 silly fetch manifest body-parser@~1.20.3
43 silly fetch manifest content-disposition@~0.5.4
44 silly fetch manifest content-type@~1.0.4
45 silly fetch manifest cookie@~0.7.1
46 silly fetch manifest cookie-signature@~1.0.6
47 silly fetch manifest debug@2.6.9
48 silly fetch manifest depd@2.0.0
49 silly fetch manifest encodeurl@~2.0.0
50 silly fetch manifest escape-html@~1.0.3
51 silly fetch manifest etag@~1.8.1
52 silly fetch manifest finalhandler@~1.3.1
53 silly fetch manifest fresh@~0.5.2
54 silly fetch manifest http-errors@~2.0.0
55 silly fetch manifest merge-descriptors@1.0.3
56 silly fetch manifest methods@~1.1.2
57 silly fetch manifest on-finished@~2.4.1
58 silly fetch manifest parseurl@~1.3.3
59 silly fetch manifest path-to-regexp@~0.1.12
60 silly fetch manifest proxy-addr@~2.0.7
61 silly fetch manifest qs@~6.14.0
62 silly fetch manifest range-parser@~1.2.1
63 silly fetch manifest safe-buffer@5.2.1
64 silly fetch manifest send@~0.19.0
65 silly fetch manifest serve-static@~1.16.2
66 silly fetch manifest setprototypeof@1.2.0
67 silly fetch manifest statuses@~2.0.1
68 silly fetch manifest type-is@~1.6.18
69 silly fetch manifest utils-merge@1.0.1
70 silly fetch manifest vary@~1.1.2
71 http fetch GET 200 https://registry.npmjs.org/accepts 172ms (cache miss)
72 http fetch GET 200 https://registry.npmjs.org/npm 762ms (cache miss)
73 http fetch GET 200 https://registry.npmjs.org/merge-descriptors 375ms (cache miss)
74 http fetch GET 200 https://registry.npmjs.org/content-disposition 397ms (cache miss)
75 http fetch GET 200 https://registry.npmjs.org/http-errors 380ms (cache miss)
76 http fetch GET 200 https://registry.npmjs.org/escape-html 399ms (cache miss)
77 http fetch GET 200 https://registry.npmjs.org/array-flatten 418ms (cache miss)
78 http fetch GET 200 https://registry.npmjs.org/depd 404ms (cache miss)
79 http fetch GET 200 https://registry.npmjs.org/cookie-signature 409ms (cache miss)
80 http fetch GET 200 https://registry.npmjs.org/content-type 424ms (cache miss)
81 http fetch GET 200 https://registry.npmjs.org/cookie 454ms (cache miss)
82 http fetch GET 200 https://registry.npmjs.org/fresh 449ms (cache miss)
83 http fetch GET 200 https://registry.npmjs.org/encodeurl 464ms (cache miss)
84 http fetch GET 200 https://registry.npmjs.org/body-parser 481ms (cache miss)
85 http fetch GET 200 https://registry.npmjs.org/finalhandler 467ms (cache miss)
86 http fetch GET 200 https://registry.npmjs.org/methods 469ms (cache miss)
87 http fetch GET 200 https://registry.npmjs.org/on-finished 472ms (cache miss)
88 http fetch GET 200 https://registry.npmjs.org/etag 481ms (cache miss)
89 http fetch GET 200 https://registry.npmjs.org/parseurl 475ms (cache miss)
90 http fetch GET 200 https://registry.npmjs.org/proxy-addr 474ms (cache miss)
91 http fetch GET 200 https://registry.npmjs.org/vary 457ms (cache miss)
92 http fetch GET 200 https://registry.npmjs.org/setprototypeof 466ms (cache miss)
93 http fetch GET 200 https://registry.npmjs.org/range-parser 475ms (cache miss)
94 http fetch GET 200 https://registry.npmjs.org/utils-merge 465ms (cache miss)
95 http fetch GET 200 https://registry.npmjs.org/statuses 469ms (cache miss)
96 http fetch GET 200 https://registry.npmjs.org/safe-buffer 478ms (cache miss)
97 http fetch GET 200 https://registry.npmjs.org/type-is 471ms (cache miss)
98 http fetch GET 200 https://registry.npmjs.org/path-to-regexp 493ms (cache miss)
99 http fetch GET 200 https://registry.npmjs.org/debug 513ms (cache miss)
100 http fetch GET 200 https://registry.npmjs.org/serve-static 489ms (cache miss)
101 http fetch GET 200 https://registry.npmjs.org/send 494ms (cache miss)
102 http fetch GET 200 https://registry.npmjs.org/qs 505ms (cache miss)
103 timing idealTree:#root Completed in 923ms
104 silly placeDep ROOT accepts@1.3.8 OK for: express@4.22.1 want: ~1.3.8
105 silly fetch manifest mime-types@~2.1.34
106 silly fetch manifest negotiator@0.6.3
107 silly placeDep ROOT array-flatten@1.1.1 OK for: express@4.22.1 want: 1.1.1
108 silly placeDep ROOT body-parser@1.20.4 OK for: express@4.22.1 want: ~1.20.3
109 silly fetch manifest bytes@~3.1.2
110 silly fetch manifest content-type@~1.0.5
111 silly fetch manifest destroy@~1.2.0
112 silly fetch manifest http-errors@~2.0.1
113 silly fetch manifest iconv-lite@~0.4.24
114 silly fetch manifest raw-body@~2.5.3
115 silly fetch manifest unpipe@~1.0.0
116 silly placeDep ROOT content-disposition@0.5.4 OK for: express@4.22.1 want: ~0.5.4
117 silly placeDep ROOT content-type@1.0.5 OK for: express@4.22.1 want: ~1.0.4
118 silly placeDep ROOT cookie@0.7.2 OK for: express@4.22.1 want: ~0.7.1
119 silly placeDep ROOT cookie-signature@1.0.7 OK for: express@4.22.1 want: ~1.0.6
120 silly placeDep ROOT debug@2.6.9 OK for: express@4.22.1 want: 2.6.9
121 silly fetch manifest ms@2.0.0
122 silly placeDep ROOT depd@2.0.0 OK for: express@4.22.1 want: 2.0.0
123 silly placeDep ROOT encodeurl@2.0.0 OK for: express@4.22.1 want: ~2.0.0
124 silly placeDep ROOT escape-html@1.0.3 OK for: express@4.22.1 want: ~1.0.3
125 silly placeDep ROOT etag@1.8.1 OK for: express@4.22.1 want: ~1.8.1
126 silly placeDep ROOT finalhandler@1.3.2 OK for: express@4.22.1 want: ~1.3.1
127 silly fetch manifest statuses@~2.0.2
128 silly placeDep ROOT fresh@0.5.2 OK for: express@4.22.1 want: ~0.5.2
129 silly placeDep ROOT http-errors@2.0.1 OK for: express@4.22.1 want: ~2.0.0
130 silly fetch manifest inherits@~2.0.4
131 silly fetch manifest setprototypeof@~1.2.0
132 silly fetch manifest toidentifier@~1.0.1
133 silly placeDep ROOT merge-descriptors@1.0.3 OK for: express@4.22.1 want: 1.0.3
134 silly placeDep ROOT methods@1.1.2 OK for: express@4.22.1 want: ~1.1.2
135 silly placeDep ROOT on-finished@2.4.1 OK for: express@4.22.1 want: ~2.4.1
136 silly fetch manifest ee-first@1.1.1
137 silly placeDep ROOT parseurl@1.3.3 OK for: express@4.22.1 want: ~1.3.3
138 silly placeDep ROOT path-to-regexp@0.1.12 OK for: express@4.22.1 want: ~0.1.12
139 silly placeDep ROOT proxy-addr@2.0.7 OK for: express@4.22.1 want: ~2.0.7
140 silly fetch manifest forwarded@0.2.0
141 silly fetch manifest ipaddr.js@1.9.1
142 silly placeDep ROOT qs@6.14.0 OK for: express@4.22.1 want: ~6.14.0
143 silly fetch manifest side-channel@^1.1.0
144 silly placeDep ROOT range-parser@1.2.1 OK for: express@4.22.1 want: ~1.2.1
145 silly placeDep ROOT safe-buffer@5.2.1 OK for: express@4.22.1 want: 5.2.1
146 silly placeDep ROOT send@0.19.1 OK for: express@4.22.1 want: ~0.19.0
147 silly fetch manifest ms@2.1.3
148 silly fetch manifest mime@1.6.0
149 silly fetch manifest destroy@1.2.0
150 silly fetch manifest statuses@2.0.1
151 silly fetch manifest http-errors@2.0.0
152 silly placeDep ROOT serve-static@1.16.2 OK for: express@4.22.1 want: ~1.16.2
153 silly fetch manifest send@0.19.0
154 silly placeDep ROOT setprototypeof@1.2.0 OK for: express@4.22.1 want: 1.2.0
155 silly placeDep ROOT statuses@2.0.2 OK for: express@4.22.1 want: ~2.0.1
156 silly placeDep ROOT type-is@1.6.18 OK for: express@4.22.1 want: ~1.6.18
157 silly fetch manifest mime-types@~2.1.24
158 silly fetch manifest media-typer@0.3.0
159 silly placeDep ROOT utils-merge@1.0.1 OK for: express@4.22.1 want: 1.0.1
160 silly placeDep ROOT vary@1.1.2 OK for: express@4.22.1 want: ~1.1.2
161 http fetch GET 200 https://registry.npmjs.org/destroy 283ms (cache miss)
162 http fetch GET 200 https://registry.npmjs.org/unpipe 288ms (cache miss)
163 http fetch GET 200 https://registry.npmjs.org/ee-first 248ms (cache miss)
164 http fetch GET 200 https://registry.npmjs.org/side-channel 237ms (cache miss)
165 http fetch GET 200 https://registry.npmjs.org/bytes 307ms (cache miss)
166 http fetch GET 200 https://registry.npmjs.org/inherits 264ms (cache miss)
167 http fetch GET 200 https://registry.npmjs.org/forwarded 247ms (cache miss)
168 http fetch GET 200 https://registry.npmjs.org/toidentifier 264ms (cache miss)
169 http fetch GET 200 https://registry.npmjs.org/destroy 230ms (cache miss)
170 http fetch GET 200 https://registry.npmjs.org/ipaddr.js 250ms (cache miss)
171 http fetch GET 200 https://registry.npmjs.org/negotiator 322ms (cache miss)
172 http fetch GET 200 https://registry.npmjs.org/ms 294ms (cache miss)
173 http fetch GET 200 https://registry.npmjs.org/raw-body 311ms (cache miss)
174 http fetch GET 200 https://registry.npmjs.org/ms 246ms (cache miss)
175 http fetch GET 200 https://registry.npmjs.org/media-typer 221ms (cache miss)
176 http fetch GET 200 https://registry.npmjs.org/iconv-lite 319ms (cache miss)
177 http fetch GET 200 https://registry.npmjs.org/mime 248ms (cache miss)
178 http fetch GET 200 https://registry.npmjs.org/mime-types 339ms (cache miss)
179 http fetch GET 200 https://registry.npmjs.org/mime-types 232ms (cache miss)
180 timing idealTree:node_modules/express Completed in 388ms
181 silly placeDep ROOT mime-types@2.1.35 OK for: accepts@1.3.8 want: ~2.1.34
182 silly fetch manifest mime-db@1.52.0
183 silly placeDep ROOT negotiator@0.6.3 OK for: accepts@1.3.8 want: 0.6.3
184 http fetch GET 200 https://registry.npmjs.org/mime-db 83ms (cache miss)
185 timing idealTree:node_modules/accepts Completed in 91ms
186 timing idealTree:node_modules/array-flatten Completed in 0ms
187 silly placeDep ROOT bytes@3.1.2 OK for: body-parser@1.20.4 want: ~3.1.2
188 silly placeDep ROOT destroy@1.2.0 OK for: body-parser@1.20.4 want: ~1.2.0
189 silly placeDep ROOT iconv-lite@0.4.24 OK for: body-parser@1.20.4 want: ~0.4.24
190 silly fetch manifest safer-buffer@>= 2.1.2 < 3
191 silly placeDep ROOT raw-body@2.5.3 OK for: body-parser@1.20.4 want: ~2.5.3
192 silly placeDep ROOT unpipe@1.0.0 OK for: body-parser@1.20.4 want: ~1.0.0
193 http fetch GET 200 https://registry.npmjs.org/safer-buffer 106ms (cache miss)
194 timing idealTree:node_modules/body-parser Completed in 117ms
195 timing idealTree:node_modules/bytes Completed in 0ms
196 timing idealTree:node_modules/content-disposition Completed in 0ms
197 timing idealTree:node_modules/content-type Completed in 0ms
198 timing idealTree:node_modules/cookie Completed in 0ms
199 timing idealTree:node_modules/cookie-signature Completed in 0ms
200 silly placeDep ROOT ms@2.0.0 OK for: debug@2.6.9 want: 2.0.0
201 timing idealTree:node_modules/debug Completed in 3ms
202 timing idealTree:node_modules/depd Completed in 0ms
203 timing idealTree:node_modules/destroy Completed in 0ms
204 timing idealTree:node_modules/encodeurl Completed in 0ms
205 timing idealTree:node_modules/escape-html Completed in 0ms
206 timing idealTree:node_modules/etag Completed in 0ms
207 timing idealTree:node_modules/finalhandler Completed in 0ms
208 timing idealTree:node_modules/fresh Completed in 0ms
209 silly placeDep ROOT inherits@2.0.4 OK for: http-errors@2.0.1 want: ~2.0.4
210 silly placeDep ROOT toidentifier@1.0.1 OK for: http-errors@2.0.1 want: ~1.0.1
211 timing idealTree:node_modules/http-errors Completed in 5ms
212 silly placeDep ROOT safer-buffer@2.1.2 OK for: iconv-lite@0.4.24 want: >= 2.1.2 < 3
213 timing idealTree:node_modules/iconv-lite Completed in 3ms
214 timing idealTree:node_modules/inherits Completed in 0ms
215 timing idealTree:node_modules/merge-descriptors Completed in 0ms
216 timing idealTree:node_modules/methods Completed in 0ms
217 silly placeDep ROOT mime-db@1.52.0 OK for: mime-types@2.1.35 want: 1.52.0
218 timing idealTree:node_modules/mime-types Completed in 3ms
219 timing idealTree:node_modules/mime-db Completed in 0ms
220 timing idealTree:node_modules/ms Completed in 0ms
221 timing idealTree:node_modules/negotiator Completed in 0ms
222 silly placeDep ROOT ee-first@1.1.1 OK for: on-finished@2.4.1 want: 1.1.1
223 timing idealTree:node_modules/on-finished Completed in 2ms
224 timing idealTree:node_modules/ee-first Completed in 0ms
225 timing idealTree:node_modules/parseurl Completed in 0ms
226 timing idealTree:node_modules/path-to-regexp Completed in 0ms
227 silly placeDep ROOT forwarded@0.2.0 OK for: proxy-addr@2.0.7 want: 0.2.0
228 silly placeDep ROOT ipaddr.js@1.9.1 OK for: proxy-addr@2.0.7 want: 1.9.1
229 timing idealTree:node_modules/proxy-addr Completed in 3ms
230 timing idealTree:node_modules/forwarded Completed in 0ms
231 timing idealTree:node_modules/ipaddr.js Completed in 0ms
232 silly placeDep ROOT side-channel@1.1.0 OK for: qs@6.14.0 want: ^1.1.0
233 silly fetch manifest es-errors@^1.3.0
234 silly fetch manifest object-inspect@^1.13.3
235 silly fetch manifest side-channel-list@^1.0.0
236 silly fetch manifest side-channel-map@^1.0.1
237 silly fetch manifest side-channel-weakmap@^1.0.2
238 http fetch GET 200 https://registry.npmjs.org/es-errors 85ms (cache miss)
239 http fetch GET 200 https://registry.npmjs.org/side-channel-map 83ms (cache miss)
240 http fetch GET 200 https://registry.npmjs.org/side-channel-list 84ms (cache miss)
241 http fetch GET 200 https://registry.npmjs.org/side-channel-weakmap 93ms (cache miss)
242 http fetch GET 200 https://registry.npmjs.org/object-inspect 99ms (cache miss)
243 timing idealTree:node_modules/qs Completed in 106ms
244 timing idealTree:node_modules/range-parser Completed in 0ms
245 timing idealTree:node_modules/raw-body Completed in 0ms
246 timing idealTree:node_modules/safe-buffer Completed in 0ms
247 timing idealTree:node_modules/safer-buffer Completed in 0ms
248 silly placeDep node_modules/send http-errors@2.0.0 OK for: send@0.19.1 want: 2.0.0
249 silly placeDep ROOT mime@1.6.0 OK for: send@0.19.1 want: 1.6.0
250 silly placeDep node_modules/send ms@2.1.3 OK for: send@0.19.1 want: 2.1.3
251 silly placeDep node_modules/send statuses@2.0.1 OK for: send@0.19.1 want: 2.0.1
252 timing idealTree:node_modules/send Completed in 11ms
253 timing idealTree:node_modules/mime Completed in 0ms
254 silly placeDep node_modules/serve-static send@0.19.0 OK for: serve-static@1.16.2 want: 0.19.0
255 silly fetch manifest encodeurl@~1.0.2
256 timing idealTree:node_modules/serve-static Completed in 6ms
257 timing idealTree:node_modules/setprototypeof Completed in 0ms
258 silly placeDep ROOT es-errors@1.3.0 OK for: side-channel@1.1.0 want: ^1.3.0
259 silly placeDep ROOT object-inspect@1.13.4 OK for: side-channel@1.1.0 want: ^1.13.3
260 silly placeDep ROOT side-channel-list@1.0.0 OK for: side-channel@1.1.0 want: ^1.0.0
261 silly placeDep ROOT side-channel-map@1.0.1 OK for: side-channel@1.1.0 want: ^1.0.1
262 silly fetch manifest call-bound@^1.0.2
263 silly fetch manifest get-intrinsic@^1.2.5
264 silly placeDep ROOT side-channel-weakmap@1.0.2 OK for: side-channel@1.1.0 want: ^1.0.2
265 http fetch GET 200 https://registry.npmjs.org/get-intrinsic 76ms (cache miss)
266 http fetch GET 200 https://registry.npmjs.org/call-bound 106ms (cache miss)
267 timing idealTree:node_modules/side-channel Completed in 117ms
268 timing idealTree:node_modules/es-errors Completed in 0ms
269 timing idealTree:node_modules/object-inspect Completed in 0ms
270 timing idealTree:node_modules/side-channel-list Completed in 0ms
271 silly placeDep ROOT call-bound@1.0.4 OK for: side-channel-map@1.0.1 want: ^1.0.2
272 silly fetch manifest call-bind-apply-helpers@^1.0.2
273 silly fetch manifest get-intrinsic@^1.3.0
274 silly placeDep ROOT get-intrinsic@1.3.0 OK for: side-channel-map@1.0.1 want: ^1.2.5
275 silly fetch manifest gopd@^1.2.0
276 silly fetch manifest hasown@^2.0.2
277 silly fetch manifest get-proto@^1.0.1
278 silly fetch manifest has-symbols@^1.1.0
279 silly fetch manifest function-bind@^1.1.2
280 silly fetch manifest es-object-atoms@^1.1.1
281 silly fetch manifest math-intrinsics@^1.1.0
282 silly fetch manifest es-define-property@^1.0.1
283 http fetch GET 200 https://registry.npmjs.org/gopd 110ms (cache miss)
284 http fetch GET 200 https://registry.npmjs.org/get-proto 109ms (cache miss)
285 http fetch GET 200 https://registry.npmjs.org/hasown 118ms (cache miss)
286 http fetch GET 200 https://registry.npmjs.org/es-object-atoms 112ms (cache miss)
287 http fetch GET 200 https://registry.npmjs.org/has-symbols 116ms (cache miss)
288 http fetch GET 200 https://registry.npmjs.org/call-bind-apply-helpers 126ms (cache miss)
289 http fetch GET 200 https://registry.npmjs.org/math-intrinsics 114ms (cache miss)
290 http fetch GET 200 https://registry.npmjs.org/es-define-property 113ms (cache miss)
291 http fetch GET 200 https://registry.npmjs.org/function-bind 119ms (cache miss)
292 timing idealTree:node_modules/side-channel-map Completed in 134ms
293 silly placeDep ROOT call-bind-apply-helpers@1.0.2 OK for: call-bound@1.0.4 want: ^1.0.2
294 timing idealTree:node_modules/call-bound Completed in 3ms
295 silly placeDep ROOT function-bind@1.1.2 OK for: call-bind-apply-helpers@1.0.2 want: ^1.1.2
296 timing idealTree:node_modules/call-bind-apply-helpers Completed in 2ms
297 timing idealTree:node_modules/function-bind Completed in 0ms
298 silly placeDep ROOT es-define-property@1.0.1 OK for: get-intrinsic@1.3.0 want: ^1.0.1
299 silly placeDep ROOT es-object-atoms@1.1.1 OK for: get-intrinsic@1.3.0 want: ^1.1.1
300 silly placeDep ROOT get-proto@1.0.1 OK for: get-intrinsic@1.3.0 want: ^1.0.1
301 silly fetch manifest dunder-proto@^1.0.1
302 silly placeDep ROOT gopd@1.2.0 OK for: get-intrinsic@1.3.0 want: ^1.2.0
303 silly placeDep ROOT has-symbols@1.1.0 OK for: get-intrinsic@1.3.0 want: ^1.1.0
304 silly placeDep ROOT hasown@2.0.2 OK for: get-intrinsic@1.3.0 want: ^2.0.2
305 silly placeDep ROOT math-intrinsics@1.1.0 OK for: get-intrinsic@1.3.0 want: ^1.1.0
306 http fetch GET 200 https://registry.npmjs.org/dunder-proto 86ms (cache miss)
307 timing idealTree:node_modules/get-intrinsic Completed in 97ms
308 timing idealTree:node_modules/es-define-property Completed in 1ms
309 timing idealTree:node_modules/es-object-atoms Completed in 0ms
310 silly placeDep ROOT dunder-proto@1.0.1 OK for: get-proto@1.0.1 want: ^1.0.1
311 timing idealTree:node_modules/get-proto Completed in 3ms
312 timing idealTree:node_modules/dunder-proto Completed in 0ms
313 timing idealTree:node_modules/gopd Completed in 0ms
314 timing idealTree:node_modules/has-symbols Completed in 0ms
315 timing idealTree:node_modules/hasown Completed in 0ms
316 timing idealTree:node_modules/math-intrinsics Completed in 1ms
317 timing idealTree:node_modules/side-channel-weakmap Completed in 0ms
318 timing idealTree:node_modules/statuses Completed in 0ms
319 timing idealTree:node_modules/toidentifier Completed in 0ms
320 silly placeDep ROOT media-typer@0.3.0 OK for: type-is@1.6.18 want: 0.3.0
321 timing idealTree:node_modules/type-is Completed in 2ms
322 timing idealTree:node_modules/media-typer Completed in 0ms
323 timing idealTree:node_modules/unpipe Completed in 0ms
324 timing idealTree:node_modules/utils-merge Completed in 0ms
325 timing idealTree:node_modules/vary Completed in 0ms
326 timing idealTree:node_modules/send/node_modules/http-errors Completed in 0ms
327 timing idealTree:node_modules/send/node_modules/ms Completed in 0ms
328 timing idealTree:node_modules/send/node_modules/statuses Completed in 0ms
329 silly placeDep node_modules/serve-static/node_modules/send encodeurl@1.0.2 OK for: send@0.19.0 want: ~1.0.2
330 silly placeDep node_modules/serve-static http-errors@2.0.0 OK for: send@0.19.0 want: 2.0.0
331 silly placeDep node_modules/serve-static ms@2.1.3 OK for: send@0.19.0 want: 2.1.3
332 silly placeDep node_modules/serve-static statuses@2.0.1 OK for: send@0.19.0 want: 2.0.1
333 timing idealTree:node_modules/serve-static/node_modules/send Completed in 11ms
334 timing idealTree:node_modules/serve-static/node_modules/http-errors Completed in 0ms
335 timing idealTree:node_modules/serve-static/node_modules/ms Completed in 0ms
336 timing idealTree:node_modules/serve-static/node_modules/statuses Completed in 0ms
337 timing idealTree:node_modules/serve-static/node_modules/send/node_modules/encodeurl Completed in 0ms
338 timing idealTree:buildDeps Completed in 2045ms
339 timing idealTree:fixDepFlags Completed in 3ms
340 timing idealTree Completed in 2086ms
341 timing reify:loadTrees Completed in 2088ms
342 timing reify:diffTrees Completed in 6ms
343 silly reify moves {}
344 timing reify:retireShallow Completed in 3ms
345 timing reify:createSparse Completed in 13ms
346 timing reify:trashOmits Completed in 1ms
347 timing reify:loadBundles Completed in 0ms
348 silly audit bulk request {
348 silly audit   express: [ '4.22.1' ],
348 silly audit   accepts: [ '1.3.8' ],
348 silly audit   'array-flatten': [ '1.1.1' ],
348 silly audit   'body-parser': [ '1.20.4' ],
348 silly audit   'content-disposition': [ '0.5.4' ],
348 silly audit   'content-type': [ '1.0.5' ],
348 silly audit   cookie: [ '0.7.2' ],
348 silly audit   'cookie-signature': [ '1.0.7' ],
348 silly audit   debug: [ '2.6.9' ],
348 silly audit   depd: [ '2.0.0' ],
348 silly audit   encodeurl: [ '2.0.0', '1.0.2' ],
348 silly audit   'escape-html': [ '1.0.3' ],
348 silly audit   etag: [ '1.8.1' ],
348 silly audit   finalhandler: [ '1.3.2' ],
348 silly audit   fresh: [ '0.5.2' ],
348 silly audit   'http-errors': [ '2.0.1', '2.0.0' ],
348 silly audit   'merge-descriptors': [ '1.0.3' ],
348 silly audit   methods: [ '1.1.2' ],
348 silly audit   'on-finished': [ '2.4.1' ],
348 silly audit   parseurl: [ '1.3.3' ],
348 silly audit   'path-to-regexp': [ '0.1.12' ],
348 silly audit   'proxy-addr': [ '2.0.7' ],
348 silly audit   qs: [ '6.14.0' ],
348 silly audit   'range-parser': [ '1.2.1' ],
348 silly audit   'safe-buffer': [ '5.2.1' ],
348 silly audit   send: [ '0.19.1', '0.19.0' ],
348 silly audit   'serve-static': [ '1.16.2' ],
348 silly audit   setprototypeof: [ '1.2.0' ],
348 silly audit   statuses: [ '2.0.2', '2.0.1' ],
348 silly audit   'type-is': [ '1.6.18' ],
348 silly audit   'utils-merge': [ '1.0.1' ],
348 silly audit   vary: [ '1.1.2' ],
348 silly audit   'mime-types': [ '2.1.35' ],
348 silly audit   negotiator: [ '0.6.3' ],
348 silly audit   bytes: [ '3.1.2' ],
348 silly audit   destroy: [ '1.2.0' ],
348 silly audit   'iconv-lite': [ '0.4.24' ],
348 silly audit   'raw-body': [ '2.5.3' ],
348 silly audit   unpipe: [ '1.0.0' ],
348 silly audit   ms: [ '2.0.0', '2.1.3' ],
348 silly audit   inherits: [ '2.0.4' ],
348 silly audit   toidentifier: [ '1.0.1' ],
348 silly audit   'safer-buffer': [ '2.1.2' ],
348 silly audit   'mime-db': [ '1.52.0' ],
348 silly audit   'ee-first': [ '1.1.1' ],
348 silly audit   forwarded: [ '0.2.0' ],
348 silly audit   'ipaddr.js': [ '1.9.1' ],
348 silly audit   'side-channel': [ '1.1.0' ],
348 silly audit   mime: [ '1.6.0' ],
348 silly audit   'es-errors': [ '1.3.0' ],
348 silly audit   'object-inspect': [ '1.13.4' ],
348 silly audit   'side-channel-list': [ '1.0.0' ],
348 silly audit   'side-channel-map': [ '1.0.1' ],
348 silly audit   'side-channel-weakmap': [ '1.0.2' ],
348 silly audit   'call-bound': [ '1.0.4' ],
348 silly audit   'get-intrinsic': [ '1.3.0' ],
348 silly audit   'call-bind-apply-helpers': [ '1.0.2' ],
348 silly audit   'function-bind': [ '1.1.2' ],
348 silly audit   'es-define-property': [ '1.0.1' ],
348 silly audit   'es-object-atoms': [ '1.1.1' ],
348 silly audit   'get-proto': [ '1.0.1' ],
348 silly audit   gopd: [ '1.2.0' ],
348 silly audit   'has-symbols': [ '1.1.0' ],
348 silly audit   hasown: [ '2.0.2' ],
348 silly audit   'math-intrinsics': [ '1.1.0' ],
348 silly audit   'dunder-proto': [ '1.0.1' ],
348 silly audit   'media-typer': [ '0.3.0' ]
348 silly audit }
349 silly tarball no local data for dunder-proto@https://registry.npmjs.org/dunder-proto/-/dunder-proto-1.0.1.tgz. Extracting by manifest.
350 silly tarball no local data for has-symbols@https://registry.npmjs.org/has-symbols/-/has-symbols-1.1.0.tgz. Extracting by manifest.
351 silly tarball no local data for hasown@https://registry.npmjs.org/hasown/-/hasown-2.0.2.tgz. Extracting by manifest.
352 silly tarball no local data for media-typer@https://registry.npmjs.org/media-typer/-/media-typer-0.3.0.tgz. Extracting by manifest.
353 silly tarball no local data for gopd@https://registry.npmjs.org/gopd/-/gopd-1.2.0.tgz. Extracting by manifest.
354 silly tarball no local data for get-proto@https://registry.npmjs.org/get-proto/-/get-proto-1.0.1.tgz. Extracting by manifest.
355 silly tarball no local data for math-intrinsics@https://registry.npmjs.org/math-intrinsics/-/math-intrinsics-1.1.0.tgz. Extracting by manifest.
356 silly tarball no local data for es-define-property@https://registry.npmjs.org/es-define-property/-/es-define-property-1.0.1.tgz. Extracting by manifest.
357 silly tarball no local data for function-bind@https://registry.npmjs.org/function-bind/-/function-bind-1.1.2.tgz. Extracting by manifest.
358 silly tarball no local data for es-object-atoms@https://registry.npmjs.org/es-object-atoms/-/es-object-atoms-1.1.1.tgz. Extracting by manifest.
359 silly tarball no local data for get-intrinsic@https://registry.npmjs.org/get-intrinsic/-/get-intrinsic-1.3.0.tgz. Extracting by manifest.
360 silly tarball no local data for call-bind-apply-helpers@https://registry.npmjs.org/call-bind-apply-helpers/-/call-bind-apply-helpers-1.0.2.tgz. Extracting by manifest.
361 silly tarball no local data for call-bound@https://registry.npmjs.org/call-bound/-/call-bound-1.0.4.tgz. Extracting by manifest.
362 silly tarball no local data for side-channel-weakmap@https://registry.npmjs.org/side-channel-weakmap/-/side-channel-weakmap-1.0.2.tgz. Extracting by manifest.
363 silly tarball no local data for side-channel-map@https://registry.npmjs.org/side-channel-map/-/side-channel-map-1.0.1.tgz. Extracting by manifest.
364 silly tarball no local data for object-inspect@https://registry.npmjs.org/object-inspect/-/object-inspect-1.13.4.tgz. Extracting by manifest.
365 silly tarball no local data for side-channel-list@https://registry.npmjs.org/side-channel-list/-/side-channel-list-1.0.0.tgz. Extracting by manifest.
366 silly tarball no local data for mime@https://registry.npmjs.org/mime/-/mime-1.6.0.tgz. Extracting by manifest.
367 silly tarball no local data for side-channel@https://registry.npmjs.org/side-channel/-/side-channel-1.1.0.tgz. Extracting by manifest.
368 silly tarball no local data for ipaddr.js@https://registry.npmjs.org/ipaddr.js/-/ipaddr.js-1.9.1.tgz. Extracting by manifest.
369 silly tarball no local data for es-errors@https://registry.npmjs.org/es-errors/-/es-errors-1.3.0.tgz. Extracting by manifest.
370 silly tarball no local data for forwarded@https://registry.npmjs.org/forwarded/-/forwarded-0.2.0.tgz. Extracting by manifest.
371 silly tarball no local data for toidentifier@https://registry.npmjs.org/toidentifier/-/toidentifier-1.0.1.tgz. Extracting by manifest.
372 silly tarball no local data for ee-first@https://registry.npmjs.org/ee-first/-/ee-first-1.1.1.tgz. Extracting by manifest.
373 silly tarball no local data for safer-buffer@https://registry.npmjs.org/safer-buffer/-/safer-buffer-2.1.2.tgz. Extracting by manifest.
374 silly tarball no local data for inherits@https://registry.npmjs.org/inherits/-/inherits-2.0.4.tgz. Extracting by manifest.
375 silly tarball no local data for unpipe@https://registry.npmjs.org/unpipe/-/unpipe-1.0.0.tgz. Extracting by manifest.
376 silly tarball no local data for mime-db@https://registry.npmjs.org/mime-db/-/mime-db-1.52.0.tgz. Extracting by manifest.
377 silly tarball no local data for ms@https://registry.npmjs.org/ms/-/ms-2.0.0.tgz. Extracting by manifest.
378 silly tarball no local data for raw-body@https://registry.npmjs.org/raw-body/-/raw-body-2.5.3.tgz. Extracting by manifest.
379 silly tarball no local data for iconv-lite@https://registry.npmjs.org/iconv-lite/-/iconv-lite-0.4.24.tgz. Extracting by manifest.
380 silly tarball no local data for bytes@https://registry.npmjs.org/bytes/-/bytes-3.1.2.tgz. Extracting by manifest.
381 silly tarball no local data for negotiator@https://registry.npmjs.org/negotiator/-/negotiator-0.6.3.tgz. Extracting by manifest.
382 silly tarball no local data for destroy@https://registry.npmjs.org/destroy/-/destroy-1.2.0.tgz. Extracting by manifest.
383 silly tarball no local data for mime-types@https://registry.npmjs.org/mime-types/-/mime-types-2.1.35.tgz. Extracting by manifest.
384 silly tarball no local data for vary@https://registry.npmjs.org/vary/-/vary-1.1.2.tgz. Extracting by manifest.
385 silly tarball no local data for utils-merge@https://registry.npmjs.org/utils-merge/-/utils-merge-1.0.1.tgz. Extracting by manifest.
386 silly tarball no local data for type-is@https://registry.npmjs.org/type-is/-/type-is-1.6.18.tgz. Extracting by manifest.
387 silly tarball no local data for setprototypeof@https://registry.npmjs.org/setprototypeof/-/setprototypeof-1.2.0.tgz. Extracting by manifest.
388 silly tarball no local data for statuses@https://registry.npmjs.org/statuses/-/statuses-2.0.2.tgz. Extracting by manifest.
389 silly tarball no local data for serve-static@https://registry.npmjs.org/serve-static/-/serve-static-1.16.2.tgz. Extracting by manifest.
390 silly tarball no local data for safe-buffer@https://registry.npmjs.org/safe-buffer/-/safe-buffer-5.2.1.tgz. Extracting by manifest.
391 silly tarball no local data for range-parser@https://registry.npmjs.org/range-parser/-/range-parser-1.2.1.tgz. Extracting by manifest.
392 silly tarball no local data for send@https://registry.npmjs.org/send/-/send-0.19.1.tgz. Extracting by manifest.
393 silly tarball no local data for qs@https://registry.npmjs.org/qs/-/qs-6.14.0.tgz. Extracting by manifest.
394 silly tarball no local data for proxy-addr@https://registry.npmjs.org/proxy-addr/-/proxy-addr-2.0.7.tgz. Extracting by manifest.
395 silly tarball no local data for parseurl@https://registry.npmjs.org/parseurl/-/parseurl-1.3.3.tgz. Extracting by manifest.
396 silly tarball no local data for on-finished@https://registry.npmjs.org/on-finished/-/on-finished-2.4.1.tgz. Extracting by manifest.
397 silly tarball no local data for methods@https://registry.npmjs.org/methods/-/methods-1.1.2.tgz. Extracting by manifest.
398 silly tarball no local data for path-to-regexp@https://registry.npmjs.org/path-to-regexp/-/path-to-regexp-0.1.12.tgz. Extracting by manifest.
399 silly tarball no local data for merge-descriptors@https://registry.npmjs.org/merge-descriptors/-/merge-descriptors-1.0.3.tgz. Extracting by manifest.
400 silly tarball no local data for http-errors@https://registry.npmjs.org/http-errors/-/http-errors-2.0.1.tgz. Extracting by manifest.
401 silly tarball no local data for fresh@https://registry.npmjs.org/fresh/-/fresh-0.5.2.tgz. Extracting by manifest.
402 silly tarball no local data for etag@https://registry.npmjs.org/etag/-/etag-1.8.1.tgz. Extracting by manifest.
403 silly tarball no local data for escape-html@https://registry.npmjs.org/escape-html/-/escape-html-1.0.3.tgz. Extracting by manifest.
404 silly tarball no local data for finalhandler@https://registry.npmjs.org/finalhandler/-/finalhandler-1.3.2.tgz. Extracting by manifest.
405 silly tarball no local data for encodeurl@https://registry.npmjs.org/encodeurl/-/encodeurl-2.0.0.tgz. Extracting by manifest.
406 silly tarball no local data for depd@https://registry.npmjs.org/depd/-/depd-2.0.0.tgz. Extracting by manifest.
407 silly tarball no local data for debug@https://registry.npmjs.org/debug/-/debug-2.6.9.tgz. Extracting by manifest.
408 silly tarball no local data for cookie@https://registry.npmjs.org/cookie/-/cookie-0.7.2.tgz. Extracting by manifest.
409 silly tarball no local data for cookie-signature@https://registry.npmjs.org/cookie-signature/-/cookie-signature-1.0.7.tgz. Extracting by manifest.
410 silly tarball no local data for content-type@https://registry.npmjs.org/content-type/-/content-type-1.0.5.tgz. Extracting by manifest.
411 silly tarball no local data for content-disposition@https://registry.npmjs.org/content-disposition/-/content-disposition-0.5.4.tgz. Extracting by manifest.
412 silly tarball no local data for accepts@https://registry.npmjs.org/accepts/-/accepts-1.3.8.tgz. Extracting by manifest.
413 silly tarball no local data for body-parser@https://registry.npmjs.org/body-parser/-/body-parser-1.20.4.tgz. Extracting by manifest.
414 silly tarball no local data for statuses@https://registry.npmjs.org/statuses/-/statuses-2.0.1.tgz. Extracting by manifest.
415 silly tarball no local data for array-flatten@https://registry.npmjs.org/array-flatten/-/array-flatten-1.1.1.tgz. Extracting by manifest.
416 silly tarball no local data for express@https://registry.npmjs.org/express/-/express-4.22.1.tgz. Extracting by manifest.
417 silly tarball no local data for ms@https://registry.npmjs.org/ms/-/ms-2.1.3.tgz. Extracting by manifest.
418 silly tarball no local data for send@https://registry.npmjs.org/send/-/send-0.19.0.tgz. Extracting by manifest.
419 silly tarball no local data for encodeurl@https://registry.npmjs.org/encodeurl/-/encodeurl-1.0.2.tgz. Extracting by manifest.
420 silly tarball no local data for http-errors@https://registry.npmjs.org/http-errors/-/http-errors-2.0.0.tgz. Extracting by manifest.
421 silly tarball no local data for ms@https://registry.npmjs.org/ms/-/ms-2.1.3.tgz. Extracting by manifest.
422 silly tarball no local data for statuses@https://registry.npmjs.org/statuses/-/statuses-2.0.1.tgz. Extracting by manifest.
423 silly tarball no local data for http-errors@https://registry.npmjs.org/http-errors/-/http-errors-2.0.0.tgz. Extracting by manifest.
424 http fetch POST 200 https://registry.npmjs.org/-/npm/v1/security/advisories/bulk 439ms
425 timing auditReport:getReport Completed in 447ms
426 silly audit report {}
427 timing auditReport:init Completed in 1ms
428 timing reify:audit Completed in 449ms
429 http fetch GET 200 https://registry.npmjs.org/media-typer/-/media-typer-0.3.0.tgz 555ms (cache miss)
430 timing reifyNode:node_modules/media-typer Completed in 643ms
431 http fetch GET 200 https://registry.npmjs.org/side-channel-weakmap/-/side-channel-weakmap-1.0.2.tgz 558ms (cache miss)
432 http fetch GET 200 https://registry.npmjs.org/es-define-property/-/es-define-property-1.0.1.tgz 597ms (cache miss)
433 timing reifyNode:node_modules/es-define-property Completed in 690ms
434 http fetch GET 200 https://registry.npmjs.org/get-proto/-/get-proto-1.0.1.tgz 602ms (cache miss)
435 http fetch GET 200 https://registry.npmjs.org/ipaddr.js/-/ipaddr.js-1.9.1.tgz 581ms (cache miss)
436 timing reifyNode:node_modules/ipaddr.js Completed in 693ms
437 http fetch GET 200 https://registry.npmjs.org/gopd/-/gopd-1.2.0.tgz 636ms (cache miss)
438 http fetch GET 200 https://registry.npmjs.org/function-bind/-/function-bind-1.1.2.tgz 630ms (cache miss)
439 timing reifyNode:node_modules/side-channel-weakmap Completed in 724ms
440 http fetch GET 200 https://registry.npmjs.org/hasown/-/hasown-2.0.2.tgz 642ms (cache miss)
441 timing reifyNode:node_modules/hasown Completed in 726ms
442 http fetch GET 200 https://registry.npmjs.org/side-channel-list/-/side-channel-list-1.0.0.tgz 618ms (cache miss)
443 timing reifyNode:node_modules/gopd Completed in 747ms
444 timing reifyNode:node_modules/get-proto Completed in 767ms
445 http fetch GET 200 https://registry.npmjs.org/forwarded/-/forwarded-0.2.0.tgz 651ms (cache miss)
446 timing reifyNode:node_modules/forwarded Completed in 767ms
447 timing reifyNode:node_modules/function-bind Completed in 778ms
448 timing reifyNode:node_modules/side-channel-list Completed in 778ms
449 http fetch GET 200 https://registry.npmjs.org/es-object-atoms/-/es-object-atoms-1.1.1.tgz 685ms (cache miss)
450 http fetch GET 200 https://registry.npmjs.org/toidentifier/-/toidentifier-1.0.1.tgz 662ms (cache miss)
451 timing reifyNode:node_modules/toidentifier Completed in 779ms
452 http fetch GET 200 https://registry.npmjs.org/side-channel/-/side-channel-1.1.0.tgz 682ms (cache miss)
453 http fetch GET 200 https://registry.npmjs.org/ee-first/-/ee-first-1.1.1.tgz 685ms (cache miss)
454 timing reifyNode:node_modules/ee-first Completed in 805ms
455 http fetch GET 200 https://registry.npmjs.org/safer-buffer/-/safer-buffer-2.1.2.tgz 684ms (cache miss)
456 timing reifyNode:node_modules/safer-buffer Completed in 804ms
457 http fetch GET 200 https://registry.npmjs.org/inherits/-/inherits-2.0.4.tgz 683ms (cache miss)
458 timing reifyNode:node_modules/inherits Completed in 805ms
459 timing reifyNode:node_modules/es-object-atoms Completed in 820ms
460 http fetch GET 200 https://registry.npmjs.org/side-channel-map/-/side-channel-map-1.0.1.tgz 716ms (cache miss)
461 timing reifyNode:node_modules/side-channel-map Completed in 820ms
462 timing reifyNode:node_modules/side-channel Completed in 819ms
463 http fetch GET 200 https://registry.npmjs.org/unpipe/-/unpipe-1.0.0.tgz 696ms (cache miss)
464 timing reifyNode:node_modules/unpipe Completed in 819ms
465 http fetch GET 200 https://registry.npmjs.org/bytes/-/bytes-3.1.2.tgz 704ms (cache miss)
466 timing reifyNode:node_modules/bytes Completed in 836ms
467 http fetch GET 200 https://registry.npmjs.org/destroy/-/destroy-1.2.0.tgz 701ms (cache miss)
468 timing reifyNode:node_modules/destroy Completed in 837ms
469 http fetch GET 200 https://registry.npmjs.org/ms/-/ms-2.0.0.tgz 733ms (cache miss)
470 timing reifyNode:node_modules/ms Completed in 860ms
471 http fetch GET 200 https://registry.npmjs.org/negotiator/-/negotiator-0.6.3.tgz 727ms (cache miss)
472 timing reifyNode:node_modules/negotiator Completed in 861ms
473 http fetch GET 200 https://registry.npmjs.org/call-bind-apply-helpers/-/call-bind-apply-helpers-1.0.2.tgz 774ms (cache miss)
474 http fetch GET 200 https://registry.npmjs.org/raw-body/-/raw-body-2.5.3.tgz 743ms (cache miss)
475 timing reifyNode:node_modules/raw-body Completed in 873ms
476 http fetch GET 200 https://registry.npmjs.org/call-bound/-/call-bound-1.0.4.tgz 789ms (cache miss)
477 timing reifyNode:node_modules/call-bound Completed in 889ms
478 http fetch GET 200 https://registry.npmjs.org/vary/-/vary-1.1.2.tgz 750ms (cache miss)
479 timing reifyNode:node_modules/vary Completed in 889ms
480 http fetch GET 200 https://registry.npmjs.org/setprototypeof/-/setprototypeof-1.2.0.tgz 746ms (cache miss)
481 timing reifyNode:node_modules/setprototypeof Completed in 890ms
482 http fetch GET 200 https://registry.npmjs.org/utils-merge/-/utils-merge-1.0.1.tgz 750ms (cache miss)
483 timing reifyNode:node_modules/utils-merge Completed in 890ms
484 timing reifyNode:node_modules/call-bind-apply-helpers Completed in 900ms
485 http fetch GET 200 https://registry.npmjs.org/dunder-proto/-/dunder-proto-1.0.1.tgz 822ms (cache miss)
486 timing reifyNode:node_modules/dunder-proto Completed in 902ms
487 http fetch GET 200 https://registry.npmjs.org/serve-static/-/serve-static-1.16.2.tgz 726ms (cache miss)
488 timing reifyNode:node_modules/serve-static Completed in 899ms
489 http fetch GET 200 https://registry.npmjs.org/range-parser/-/range-parser-1.2.1.tgz 721ms (cache miss)
490 timing reifyNode:node_modules/range-parser Completed in 898ms
491 http fetch GET 200 https://registry.npmjs.org/es-errors/-/es-errors-1.3.0.tgz 798ms (cache miss)
492 http fetch GET 200 https://registry.npmjs.org/safe-buffer/-/safe-buffer-5.2.1.tgz 734ms (cache miss)
493 timing reifyNode:node_modules/safe-buffer Completed in 909ms
494 http fetch GET 200 https://registry.npmjs.org/statuses/-/statuses-2.0.2.tgz 770ms (cache miss)
495 timing reifyNode:node_modules/statuses Completed in 915ms
496 http fetch GET 200 https://registry.npmjs.org/type-is/-/type-is-1.6.18.tgz 774ms (cache miss)
497 timing reifyNode:node_modules/type-is Completed in 916ms
498 http fetch GET 200 https://registry.npmjs.org/on-finished/-/on-finished-2.4.1.tgz 730ms (cache miss)
499 timing reifyNode:node_modules/on-finished Completed in 915ms
500 http fetch GET 200 https://registry.npmjs.org/merge-descriptors/-/merge-descriptors-1.0.3.tgz 726ms (cache miss)
501 timing reifyNode:node_modules/merge-descriptors Completed in 916ms
502 http fetch GET 200 https://registry.npmjs.org/mime/-/mime-1.6.0.tgz 817ms (cache miss)
503 timing reifyNode:node_modules/mime Completed in 925ms
504 http fetch GET 200 https://registry.npmjs.org/proxy-addr/-/proxy-addr-2.0.7.tgz 741ms (cache miss)
505 timing reifyNode:node_modules/proxy-addr Completed in 922ms
506 timing reifyNode:node_modules/es-errors Completed in 931ms
507 http fetch GET 200 https://registry.npmjs.org/path-to-regexp/-/path-to-regexp-0.1.12.tgz 740ms (cache miss)
508 timing reifyNode:node_modules/path-to-regexp Completed in 928ms
509 http fetch GET 200 https://registry.npmjs.org/mime-types/-/mime-types-2.1.35.tgz 795ms (cache miss)
510 timing reifyNode:node_modules/mime-types Completed in 931ms
511 http fetch GET 200 https://registry.npmjs.org/cookie-signature/-/cookie-signature-1.0.7.tgz 723ms (cache miss)
512 timing reifyNode:node_modules/cookie-signature Completed in 929ms
513 http fetch GET 200 https://registry.npmjs.org/get-intrinsic/-/get-intrinsic-1.3.0.tgz 840ms (cache miss)
514 timing reifyNode:node_modules/get-intrinsic Completed in 937ms
515 http fetch GET 200 https://registry.npmjs.org/methods/-/methods-1.1.2.tgz 747ms (cache miss)
516 timing reifyNode:node_modules/methods Completed in 934ms
517 http fetch GET 200 https://registry.npmjs.org/finalhandler/-/finalhandler-1.3.2.tgz 736ms (cache miss)
518 timing reifyNode:node_modules/finalhandler Completed in 933ms
519 http fetch GET 200 https://registry.npmjs.org/fresh/-/fresh-0.5.2.tgz 745ms (cache miss)
520 timing reifyNode:node_modules/fresh Completed in 939ms
521 http fetch GET 200 https://registry.npmjs.org/http-errors/-/http-errors-2.0.1.tgz 748ms (cache miss)
522 timing reifyNode:node_modules/http-errors Completed in 939ms
523 http fetch GET 200 https://registry.npmjs.org/escape-html/-/escape-html-1.0.3.tgz 742ms (cache miss)
524 timing reifyNode:node_modules/escape-html Completed in 939ms
525 http fetch GET 200 https://registry.npmjs.org/etag/-/etag-1.8.1.tgz 745ms (cache miss)
526 timing reifyNode:node_modules/etag Completed in 939ms
527 http fetch GET 200 https://registry.npmjs.org/parseurl/-/parseurl-1.3.3.tgz 757ms (cache miss)
528 timing reifyNode:node_modules/parseurl Completed in 941ms
529 http fetch GET 200 https://registry.npmjs.org/encodeurl/-/encodeurl-2.0.0.tgz 741ms (cache miss)
530 timing reifyNode:node_modules/encodeurl Completed in 940ms
531 http fetch GET 200 https://registry.npmjs.org/has-symbols/-/has-symbols-1.1.0.tgz 868ms (cache miss)
532 timing reifyNode:node_modules/has-symbols Completed in 950ms
533 http fetch GET 200 https://registry.npmjs.org/content-type/-/content-type-1.0.5.tgz 740ms (cache miss)
534 timing reifyNode:node_modules/content-type Completed in 949ms
535 http fetch GET 200 https://registry.npmjs.org/mime-db/-/mime-db-1.52.0.tgz 829ms (cache miss)
536 timing reifyNode:node_modules/mime-db Completed in 956ms
537 http fetch GET 200 https://registry.npmjs.org/cookie/-/cookie-0.7.2.tgz 747ms (cache miss)
538 timing reifyNode:node_modules/cookie Completed in 952ms
539 http fetch GET 200 https://registry.npmjs.org/depd/-/depd-2.0.0.tgz 751ms (cache miss)
540 timing reifyNode:node_modules/depd Completed in 952ms
541 http fetch GET 200 https://registry.npmjs.org/content-disposition/-/content-disposition-0.5.4.tgz 744ms (cache miss)
542 timing reifyNode:node_modules/content-disposition Completed in 952ms
543 http fetch GET 200 https://registry.npmjs.org/accepts/-/accepts-1.3.8.tgz 748ms (cache miss)
544 timing reifyNode:node_modules/accepts Completed in 958ms
545 http fetch GET 200 https://registry.npmjs.org/body-parser/-/body-parser-1.20.4.tgz 747ms (cache miss)
546 http fetch GET 200 https://registry.npmjs.org/math-intrinsics/-/math-intrinsics-1.1.0.tgz 878ms (cache miss)
547 http fetch GET 200 https://registry.npmjs.org/array-flatten/-/array-flatten-1.1.1.tgz 733ms (cache miss)
548 timing reifyNode:node_modules/array-flatten Completed in 962ms
549 http fetch GET 200 https://registry.npmjs.org/http-errors/-/http-errors-2.0.0.tgz 725ms (cache miss)
550 timing reifyNode:node_modules/serve-static/node_modules/http-errors Completed in 966ms
551 timing reifyNode:node_modules/body-parser Completed in 965ms
552 http fetch GET 200 https://registry.npmjs.org/statuses/-/statuses-2.0.1.tgz 739ms (cache miss)
553 timing reifyNode:node_modules/serve-static/node_modules/statuses Completed in 970ms
554 http fetch GET 200 https://registry.npmjs.org/ms/-/ms-2.1.3.tgz 734ms (cache miss)
555 timing reifyNode:node_modules/serve-static/node_modules/ms Completed in 969ms
556 http fetch GET 200 https://registry.npmjs.org/debug/-/debug-2.6.9.tgz 765ms (cache miss)
557 http fetch GET 200 https://registry.npmjs.org/encodeurl/-/encodeurl-1.0.2.tgz 734ms (cache miss)
558 timing reifyNode:node_modules/serve-static/node_modules/send/node_modules/encodeurl Completed in 972ms
559 timing reifyNode:node_modules/math-intrinsics Completed in 978ms
560 http fetch GET 200 https://registry.npmjs.org/send/-/send-0.19.1.tgz 795ms (cache miss)
561 timing reifyNode:node_modules/send Completed in 974ms
562 http fetch GET 200 https://registry.npmjs.org/statuses/-/statuses-2.0.1.tgz 732ms (cache miss)
563 timing reifyNode:node_modules/send/node_modules/statuses Completed in 975ms
564 http fetch GET 200 https://registry.npmjs.org/ms/-/ms-2.1.3.tgz 734ms (cache miss)
565 timing reifyNode:node_modules/send/node_modules/ms Completed in 976ms
566 http fetch GET 200 https://registry.npmjs.org/http-errors/-/http-errors-2.0.0.tgz 732ms (cache miss)
567 timing reifyNode:node_modules/send/node_modules/http-errors Completed in 978ms
568 http fetch GET 200 https://registry.npmjs.org/send/-/send-0.19.0.tgz 742ms (cache miss)
569 timing reifyNode:node_modules/serve-static/node_modules/send Completed in 978ms
570 timing reifyNode:node_modules/debug Completed in 978ms
571 http fetch GET 200 https://registry.npmjs.org/object-inspect/-/object-inspect-1.13.4.tgz 895ms (cache miss)
572 timing reifyNode:node_modules/object-inspect Completed in 1001ms
573 http fetch GET 200 https://registry.npmjs.org/express/-/express-4.22.1.tgz 771ms (cache miss)
574 timing reifyNode:node_modules/express Completed in 1001ms
575 http fetch GET 200 https://registry.npmjs.org/qs/-/qs-6.14.0.tgz 823ms (cache miss)
576 timing reifyNode:node_modules/qs Completed in 1004ms
577 http fetch GET 200 https://registry.npmjs.org/iconv-lite/-/iconv-lite-0.4.24.tgz 881ms (cache miss)
578 timing reifyNode:node_modules/iconv-lite Completed in 1012ms
579 timing reify:unpack Completed in 1017ms
580 timing reify:unretire Completed in 1ms
581 timing build:queue Completed in 4ms
582 timing build:link:node_modules/mime Completed in 4ms
583 timing build:link Completed in 4ms
584 timing build:deps Completed in 9ms
585 timing build Completed in 10ms
586 timing reify:build Completed in 11ms
587 timing reify:trash Completed in 0ms
588 timing reify:save Completed in 60ms
589 timing reify Completed in 3404ms
590 silly ADD node_modules/media-typer
591 silly ADD node_modules/dunder-proto
592 silly ADD node_modules/math-intrinsics
593 silly ADD node_modules/hasown
594 silly ADD node_modules/has-symbols
595 silly ADD node_modules/gopd
596 silly ADD node_modules/get-proto
597 silly ADD node_modules/es-object-atoms
598 silly ADD node_modules/es-define-property
599 silly ADD node_modules/function-bind
600 silly ADD node_modules/call-bind-apply-helpers
601 silly ADD node_modules/get-intrinsic
602 silly ADD node_modules/call-bound
603 silly ADD node_modules/side-channel-weakmap
604 silly ADD node_modules/side-channel-map
605 silly ADD node_modules/side-channel-list
606 silly ADD node_modules/object-inspect
607 silly ADD node_modules/es-errors
608 silly ADD node_modules/mime
609 silly ADD node_modules/side-channel
610 silly ADD node_modules/ipaddr.js
611 silly ADD node_modules/forwarded
612 silly ADD node_modules/ee-first
613 silly ADD node_modules/mime-db
614 silly ADD node_modules/safer-buffer
615 silly ADD node_modules/toidentifier
616 silly ADD node_modules/inherits
617 silly ADD node_modules/ms
618 silly ADD node_modules/unpipe
619 silly ADD node_modules/raw-body
620 silly ADD node_modules/iconv-lite
621 silly ADD node_modules/destroy
622 silly ADD node_modules/bytes
623 silly ADD node_modules/negotiator
624 silly ADD node_modules/mime-types
625 silly ADD node_modules/vary
626 silly ADD node_modules/utils-merge
627 silly ADD node_modules/type-is
628 silly ADD node_modules/statuses
629 silly ADD node_modules/setprototypeof
630 silly ADD node_modules/serve-static
631 silly ADD node_modules/serve-static/node_modules/statuses
632 silly ADD node_modules/serve-static/node_modules/ms
633 silly ADD node_modules/serve-static/node_modules/http-errors
634 silly ADD node_modules/serve-static/node_modules/send
635 silly ADD node_modules/serve-static/node_modules/send/node_modules/encodeurl
636 silly ADD node_modules/send
637 silly ADD node_modules/send/node_modules/statuses
638 silly ADD node_modules/send/node_modules/ms
639 silly ADD node_modules/send/node_modules/http-errors
640 silly ADD node_modules/safe-buffer
641 silly ADD node_modules/range-parser
642 silly ADD node_modules/qs
643 silly ADD node_modules/proxy-addr
644 silly ADD node_modules/path-to-regexp
645 silly ADD node_modules/parseurl
646 silly ADD node_modules/on-finished
647 silly ADD node_modules/methods
648 silly ADD node_modules/merge-descriptors
649 silly ADD node_modules/http-errors
650 silly ADD node_modules/fresh
651 silly ADD node_modules/finalhandler
652 silly ADD node_modules/etag
653 silly ADD node_modules/escape-html
654 silly ADD node_modules/encodeurl
655 silly ADD node_modules/depd
656 silly ADD node_modules/debug
657 silly ADD node_modules/cookie-signature
658 silly ADD node_modules/cookie
659 silly ADD node_modules/content-type
660 silly ADD node_modules/content-disposition
661 silly ADD node_modules/body-parser
662 silly ADD node_modules/array-flatten
663 silly ADD node_modules/accepts
664 silly ADD node_modules/express
665 timing command:install Completed in 3430ms
666 notice
666 notice New [31mmajor[39m version of npm available! [31m9.6.7[39m -> [32m11.6.4[39m
666 notice Changelog: [36mhttps://github.com/npm/cli/releases/tag/v11.6.4[39m
666 notice Run [32mnpm install -g npm@11.6.4[39m to update!
666 notice
667 verbose exit 0
668 timing npm Completed in 4107ms
669 info ok
