0 verbose cli /usr/local/bin/node /usr/local/bin/npm
1 info using npm@9.6.7
2 info using node@v18.17.0
3 timing npm:load:whichnode Completed in 3ms
4 timing config:load:defaults Completed in 4ms
5 timing config:load:file:/usr/local/lib/node_modules/npm/npmrc Completed in 1ms
6 timing config:load:builtin Completed in 1ms
7 warn config production Use `--omit=dev` instead.
8 timing config:load:cli Completed in 6ms
9 timing config:load:env Completed in 1ms
10 timing config:load:project Completed in 2ms
11 timing config:load:file:/home/container/.npmrc Completed in 0ms
12 timing config:load:user Completed in 1ms
13 timing config:load:file:/usr/local/etc/npmrc Completed in 0ms
14 timing config:load:global Completed in 0ms
15 timing config:load:setEnvs Completed in 2ms
16 timing config:load Completed in 18ms
17 timing npm:load:configload Completed in 19ms
18 timing npm:load:mkdirpcache Completed in 0ms
19 timing npm:load:mkdirplogs Completed in 1ms
20 verbose title npm install
21 verbose argv "install" "--save" "--production"
22 timing npm:load:setTitle Completed in 3ms
23 timing config:load:flatten Completed in 7ms
24 timing npm:load:display Completed in 11ms
25 verbose logfile logs-max:10 dir:/home/container/.npm/_logs/2025-12-05T02_17_16_151Z-
26 verbose logfile /home/container/.npm/_logs/2025-12-05T02_17_16_151Z-debug-0.log
27 timing npm:load:logFile Completed in 22ms
28 timing npm:load:timers Completed in 0ms
29 timing npm:load:configScope Completed in 0ms
30 timing npm:load Completed in 59ms
31 timing arborist:ctor Completed in 2ms
32 silly logfile done cleaning log files
33 timing idealTree:init Completed in 110ms
34 timing idealTree:userRequests Completed in 0ms
35 silly idealTree buildDeps
36 silly fetch manifest @types/facebook-js-sdk@^3.3.2
37 timing arborist:ctor Completed in 0ms
38 http fetch GET 200 https://registry.npmjs.org/@types%2ffacebook-js-sdk 1656ms (cache miss)
39 silly placeDep ROOT @types/facebook-js-sdk@3.3.12 OK for: go88s-web@1.0.0 want: ^3.3.2
40 timing idealTree:#root Completed in 1673ms
41 timing idealTree:node_modules/@types/facebook-js-sdk Completed in 0ms
42 timing idealTree:buildDeps Completed in 1676ms
43 timing idealTree:fixDepFlags Completed in 2ms
44 timing idealTree Completed in 1796ms
45 timing reify:loadTrees Completed in 1797ms
46 timing reify:diffTrees Completed in 7ms
47 silly reify moves {}
48 timing reify:retireShallow Completed in 2ms
49 timing reify:createSparse Completed in 2ms
50 timing reify:trashOmits Completed in 1ms
51 timing reify:loadBundles Completed in 0ms
52 silly audit bulk request {
52 silly audit   accepts: [ '1.3.8' ],
52 silly audit   'array-flatten': [ '1.1.1' ],
52 silly audit   'body-parser': [ '1.20.4' ],
52 silly audit   bytes: [ '3.1.2' ],
52 silly audit   'call-bind-apply-helpers': [ '1.0.2' ],
52 silly audit   'call-bound': [ '1.0.4' ],
52 silly audit   'content-disposition': [ '0.5.4' ],
52 silly audit   'content-type': [ '1.0.5' ],
52 silly audit   cookie: [ '0.7.2' ],
52 silly audit   'cookie-signature': [ '1.0.7' ],
52 silly audit   debug: [ '2.6.9' ],
52 silly audit   depd: [ '2.0.0' ],
52 silly audit   destroy: [ '1.2.0' ],
52 silly audit   'dunder-proto': [ '1.0.1' ],
52 silly audit   'ee-first': [ '1.1.1' ],
52 silly audit   encodeurl: [ '2.0.0', '1.0.2' ],
52 silly audit   'es-define-property': [ '1.0.1' ],
52 silly audit   'es-errors': [ '1.3.0' ],
52 silly audit   'es-object-atoms': [ '1.1.1' ],
52 silly audit   'escape-html': [ '1.0.3' ],
52 silly audit   etag: [ '1.8.1' ],
52 silly audit   express: [ '4.22.1' ],
52 silly audit   finalhandler: [ '1.3.2' ],
52 silly audit   forwarded: [ '0.2.0' ],
52 silly audit   fresh: [ '0.5.2' ],
52 silly audit   'function-bind': [ '1.1.2' ],
52 silly audit   'get-intrinsic': [ '1.3.0' ],
52 silly audit   'get-proto': [ '1.0.1' ],
52 silly audit   gopd: [ '1.2.0' ],
52 silly audit   'has-symbols': [ '1.1.0' ],
52 silly audit   hasown: [ '2.0.2' ],
52 silly audit   'http-errors': [ '2.0.1', '2.0.0' ],
52 silly audit   'iconv-lite': [ '0.4.24' ],
52 silly audit   inherits: [ '2.0.4' ],
52 silly audit   'ipaddr.js': [ '1.9.1' ],
52 silly audit   'math-intrinsics': [ '1.1.0' ],
52 silly audit   'media-typer': [ '0.3.0' ],
52 silly audit   'merge-descriptors': [ '1.0.3' ],
52 silly audit   methods: [ '1.1.2' ],
52 silly audit   mime: [ '1.6.0' ],
52 silly audit   'mime-db': [ '1.52.0' ],
52 silly audit   'mime-types': [ '2.1.35' ],
52 silly audit   ms: [ '2.0.0', '2.1.3' ],
52 silly audit   negotiator: [ '0.6.3' ],
52 silly audit   'object-inspect': [ '1.13.4' ],
52 silly audit   'on-finished': [ '2.4.1' ],
52 silly audit   parseurl: [ '1.3.3' ],
52 silly audit   'path-to-regexp': [ '0.1.12' ],
52 silly audit   'proxy-addr': [ '2.0.7' ],
52 silly audit   qs: [ '6.14.0' ],
52 silly audit   'range-parser': [ '1.2.1' ],
52 silly audit   'raw-body': [ '2.5.3' ],
52 silly audit   'safe-buffer': [ '5.2.1' ],
52 silly audit   'safer-buffer': [ '2.1.2' ],
52 silly audit   send: [ '0.19.1', '0.19.0' ],
52 silly audit   statuses: [ '2.0.1', '2.0.2' ],
52 silly audit   'serve-static': [ '1.16.2' ],
52 silly audit   setprototypeof: [ '1.2.0' ],
52 silly audit   'side-channel': [ '1.1.0' ],
52 silly audit   'side-channel-list': [ '1.0.0' ],
52 silly audit   'side-channel-map': [ '1.0.1' ],
52 silly audit   'side-channel-weakmap': [ '1.0.2' ],
52 silly audit   toidentifier: [ '1.0.1' ],
52 silly audit   'type-is': [ '1.6.18' ],
52 silly audit   unpipe: [ '1.0.0' ],
52 silly audit   'utils-merge': [ '1.0.1' ],
52 silly audit   vary: [ '1.1.2' ],
52 silly audit   '@types/facebook-js-sdk': [ '3.3.12' ]
52 silly audit }
53 silly tarball no local data for @types/facebook-js-sdk@https://registry.npmjs.org/@types/facebook-js-sdk/-/facebook-js-sdk-3.3.12.tgz. Extracting by manifest.
54 http fetch POST 200 https://registry.npmjs.org/-/npm/v1/security/advisories/bulk 275ms
55 timing auditReport:getReport Completed in 282ms
56 silly audit report {}
57 timing auditReport:init Completed in 0ms
58 timing reify:audit Completed in 284ms
59 http fetch GET 200 https://registry.npmjs.org/@types/facebook-js-sdk/-/facebook-js-sdk-3.3.12.tgz 828ms (cache miss)
60 timing reifyNode:node_modules/@types/facebook-js-sdk Completed in 843ms
61 timing reify:unpack Completed in 845ms
62 timing reify:unretire Completed in 0ms
63 timing build:queue Completed in 1ms
64 timing build:deps Completed in 1ms
65 timing build Completed in 2ms
66 timing reify:build Completed in 3ms
67 timing reify:trash Completed in 0ms
68 timing reify:save Completed in 59ms
69 timing reify Completed in 2772ms
70 silly ADD node_modules/@types/facebook-js-sdk
71 timing command:install Completed in 2792ms
72 verbose exit 0
73 timing npm Completed in 3253ms
74 info ok
